Arguments: 
  /usr/local/bin/node /usr/local/bin/yarn add webpack webpack-cli webpack-deb-server -D

PATH: 
  /usr/local/bin:/usr/bin:/bin:/usr/sbin:/sbin:/usr/local/go/bin:/Library/Apple/usr/bin

Yarn version: 
  1.22.10

Node version: 
  15.14.0

Platform: 
  darwin x64

Trace: 
  Error: https://registry.yarnpkg.com/webpack-deb-server: Not found
      at Request.params.callback [as _callback] (/usr/local/lib/node_modules/yarn/lib/cli.js:66988:18)
      at Request.self.callback (/usr/local/lib/node_modules/yarn/lib/cli.js:140662:22)
      at Request.emit (node:events:369:20)
      at Request.<anonymous> (/usr/local/lib/node_modules/yarn/lib/cli.js:141634:10)
      at Request.emit (node:events:369:20)
      at IncomingMessage.<anonymous> (/usr/local/lib/node_modules/yarn/lib/cli.js:141556:12)
      at Object.onceWrapper (node:events:475:28)
      at IncomingMessage.emit (node:events:381:22)
      at endReadableNT (node:internal/streams/readable:1307:12)
      at processTicksAndRejections (node:internal/process/task_queues:81:21)

npm manifest: 
  {
    "name": "source-snabbdom",
    "version": "1.0.0",
    "main": "index.js",
    "license": "MIT",
    "dependencies": {
      "snabbdom": "^3.1.0"
    }
  }

yarn manifest: 
  No manifest

Lockfile: 
  # THIS IS AN AUTOGENERATED FILE. DO NOT EDIT THIS FILE DIRECTLY.
  # yarn lockfile v1
  
  
  snabbdom@^3.1.0:
    version "3.1.0"
    resolved "https://registry.yarnpkg.com/snabbdom/-/snabbdom-3.1.0.tgz#8ca931f562d3421de71c8b44e70c285cfa5f2dc9"
    integrity sha512-mcmPJMMKbkkPDPeCQ5D7RzqMHlLUyjl+OxOGblsutkzDbuYijCQGBOWJInjnWZ85DtoHdElrDTjA9g85s2YQ5Q==
